#
# There is insufficient memory for the Java Runtime Environment to continue.
# Native memory allocation (mmap) failed to map 335544320 bytes for Failed to commit area from 0x00000006c1c00000 to 0x00000006d5c00000 of length 335544320.
# Possible reasons:
#   The system is out of physical RAM or swap space
#   The process is running with CompressedOops enabled, and the Java Heap may be blocking the growth of the native heap
# Possible solutions:
#   Reduce memory load on the system
#   Increase physical memory or swap space
#   Check if swap backing store is full
#   Decrease Java heap size (-Xmx/-Xms)
#   Decrease number of Java threads
#   Decrease Java thread stack sizes (-Xss)
#   Set larger code cache with -XX:ReservedCodeCacheSize=
# This output file may be truncated or incomplete.
#
#  Out of Memory Error (t:/workspace/open/src/hotspot/os/windows/os_windows.cpp:3301), pid=11636, tid=1180
#
# JRE version:  (13.0.2+8) (build )
# Java VM: Java HotSpot(TM) 64-Bit Server VM (13.0.2+8, mixed mode, sharing, tiered, compressed oops, g1 gc, windows-amd64)
# No core dump will be written. Minidumps are not enabled by default on client versions of Windows
#

---------------  S U M M A R Y ------------

Command Line: -agentlib:jdwp=transport=dt_socket,suspend=y,address=localhost:58400 -Dcom.sun.management.jmxremote -Dcom.sun.management.jmxremote.port=58399 -Dcom.sun.management.jmxremote.authenticate=false -Dcom.sun.management.jmxremote.ssl=false -Djava.rmi.server.hostname=localhost -Dspring.jmx.enabled=true -Dspring.application.admin.enabled=true -Xverify:none -XX:TieredStopAtLevel=1 -Dspring.boot.project.name=boot-kafka -javaagent:E:\softwares\sts-4.6.1.RELEASE\configuration\org.eclipse.osgi\245\0\.cp\lib\javaagent-shaded.jar -Dfile.encoding=UTF-8 com.ratna.boot.kafka.BootKafkaApplication --spring.output.ansi.enabled=always

Host: Intel(R) Core(TM) i3-7020U CPU @ 2.30GHz, 4 cores, 19G,  Windows 10 , 64 bit Build 15063 (10.0.15063.296)
Time: Sat Oct 15 00:18:44 2022 India Standard Time elapsed time: 0 seconds (0d 0h 0m 0s)

---------------  T H R E A D  ---------------

Current thread (0x00000257fe476000):  JavaThread "Unknown thread" [_thread_in_vm, id=1180, stack(0x00000066caa00000,0x00000066cab00000)]

Stack: [0x00000066caa00000,0x00000066cab00000]
Native frames: (J=compiled Java code, j=interpreted, Vv=VM code, C=native code)
V  [jvm.dll+0x624f9a]
V  [jvm.dll+0x770cfa]
V  [jvm.dll+0x7724af]
V  [jvm.dll+0x772ab3]
V  [jvm.dll+0x24bf08]
V  [jvm.dll+0x6222aa]
V  [jvm.dll+0x6170b5]
V  [jvm.dll+0x30a88c]
V  [jvm.dll+0x30a6c2]
V  [jvm.dll+0x30fe36]
V  [jvm.dll+0x353f46]
V  [jvm.dll+0x353720]
V  [jvm.dll+0x2e550a]
V  [jvm.dll+0x2e67a2]
V  [jvm.dll+0x74dd78]
V  [jvm.dll+0x361989]
V  [jvm.dll+0x730e65]
V  [jvm.dll+0x3cc53f]
V  [jvm.dll+0x3ce861]
C  [jli.dll+0x51ff]
C  [ucrtbase.dll+0x20369]
C  [KERNEL32.DLL+0x12774]
C  [ntdll.dll+0x70d51]


---------------  P R O C E S S  ---------------

Threads class SMR info:
_java_thread_list=0x00007fff6ad1ccb8, length=0, elements={
}

Java Threads: ( => current thread )

Other Threads:
  0x00000257fe4f1000 GCTaskThread "GC Thread#0" [stack: 0x00000066cab00000,0x00000066cac00000] [id=11100]
  0x00000257fe51b000 ConcurrentGCThread "G1 Main Marker" [stack: 0x00000066cac00000,0x00000066cad00000] [id=7244]
  0x00000257fe51c000 ConcurrentGCThread "G1 Conc#0" [stack: 0x00000066cad00000,0x00000066cae00000] [id=8532]

[error occurred during error reporting (printing all threads), id 0xc0000005, EXCEPTION_ACCESS_VIOLATION (0xc0000005) at pc=0x00007fff6a5551d7]

VM state:not at safepoint (not fully initialized)

VM Mutex/Monitor currently owned by a thread:  ([mutex/lock_event])
[0x00000257fe472880] Heap_lock - owner thread: 0x00000257fe476000

Heap address: 0x00000006c1c00000, size: 5092 MB, Compressed Oops mode: Non-zero based: 0x00000006c1c00000
Narrow klass base: 0x0000000000000000, Narrow klass shift: 0

GC Heap History (0 events):
No events

Deoptimization events (0 events):
No events

Classes unloaded (0 events):
No events

Classes redefined (0 events):
No events

Internal exceptions (0 events):
No events

Events (2 events):
Event: 0.062 Loaded shared library C:\Program Files\Java\jdk-13.0.2\bin\zip.dll
Event: 0.062 Loaded shared library C:\Program Files\Java\jdk-13.0.2\bin\jimage.dll


Dynamic libraries:
0x00007ff758c60000 - 0x00007ff758c6f000 	C:\Program Files\Java\jdk-13.0.2\bin\javaw.exe
0x00007fff9f450000 - 0x00007fff9f62b000 	C:\Windows\SYSTEM32\ntdll.dll
0x00007fff9ed60000 - 0x00007fff9ee0e000 	C:\Windows\System32\KERNEL32.DLL
0x00007fff9bb20000 - 0x00007fff9bd69000 	C:\Windows\System32\KERNELBASE.dll
0x00007fff9b970000 - 0x00007fff9ba66000 	C:\Windows\System32\ucrtbase.dll
0x00007fff96980000 - 0x00007fff96998000 	C:\Program Files\Java\jdk-13.0.2\bin\jli.dll
0x00007fff9e520000 - 0x00007fff9e5c1000 	C:\Windows\System32\ADVAPI32.dll
0x00007fff9e480000 - 0x00007fff9e51d000 	C:\Windows\System32\msvcrt.dll
0x00007fff9e8c0000 - 0x00007fff9e919000 	C:\Windows\System32\sechost.dll
0x00007fff9f120000 - 0x00007fff9f245000 	C:\Windows\System32\RPCRT4.dll
0x00007fff9ee80000 - 0x00007fff9efca000 	C:\Windows\System32\USER32.dll
0x00007fff9c750000 - 0x00007fff9c76e000 	C:\Windows\System32\win32u.dll
0x00007fff9f420000 - 0x00007fff9f447000 	C:\Windows\System32\GDI32.dll
0x00007fff9c820000 - 0x00007fff9c9a8000 	C:\Windows\System32\gdi32full.dll
0x00007fff9bfb0000 - 0x00007fff9c04a000 	C:\Windows\System32\msvcp_win.dll
0x00007fff95150000 - 0x00007fff95165000 	C:\Program Files\Java\jdk-13.0.2\bin\VCRUNTIME140.dll
0x00007fff95430000 - 0x00007fff95697000 	C:\Windows\WinSxS\amd64_microsoft.windows.common-controls_6595b64144ccf1df_6.0.15063.0_none_108e4f62dfe5d999\COMCTL32.dll
0x00007fff9cbd0000 - 0x00007fff9cec9000 	C:\Windows\System32\combase.dll
0x00007fff9bf40000 - 0x00007fff9bfaa000 	C:\Windows\System32\bcryptPrimitives.dll
0x00007fff8c4f0000 - 0x00007fff8c4fa000 	C:\Windows\SYSTEM32\VERSION.dll
0x00007fff9e5d0000 - 0x00007fff9e5fd000 	C:\Windows\System32\IMM32.DLL
0x00007fff76d10000 - 0x00007fff76dab000 	C:\Program Files\Java\jdk-13.0.2\bin\msvcp140.dll
0x00007fff6a260000 - 0x00007fff6adbd000 	C:\Program Files\Java\jdk-13.0.2\bin\server\jvm.dll
0x00007fff9e8b0000 - 0x00007fff9e8b8000 	C:\Windows\System32\PSAPI.DLL
0x00007fff99d80000 - 0x00007fff99da3000 	C:\Windows\SYSTEM32\WINMM.dll
0x00007fff8c710000 - 0x00007fff8c719000 	C:\Windows\SYSTEM32\WSOCK32.dll
0x00007fff9e620000 - 0x00007fff9e68c000 	C:\Windows\System32\WS2_32.dll
0x00007fff99d20000 - 0x00007fff99d4b000 	C:\Windows\SYSTEM32\WINMMBASE.dll
0x00007fff9ba70000 - 0x00007fff9bab9000 	C:\Windows\System32\cfgmgr32.dll
0x00007fff9b8c0000 - 0x00007fff9b8d1000 	C:\Windows\System32\kernel.appcore.dll
0x00007fff95140000 - 0x00007fff95150000 	C:\Program Files\Java\jdk-13.0.2\bin\verify.dll
0x00007fff97290000 - 0x00007fff97439000 	C:\Windows\SYSTEM32\DBGHELP.DLL
0x00007fff8c690000 - 0x00007fff8c6b9000 	C:\Windows\SYSTEM32\dbgcore.DLL
0x00007fff8f8d0000 - 0x00007fff8f8f6000 	C:\Program Files\Java\jdk-13.0.2\bin\java.dll
0x00007fff84bf0000 - 0x00007fff84c28000 	C:\Program Files\Java\jdk-13.0.2\bin\jdwp.dll
0x00007fff91340000 - 0x00007fff9134e000 	C:\Program Files\Java\jdk-13.0.2\bin\instrument.dll
0x00007fff94f00000 - 0x00007fff94f17000 	C:\Program Files\Java\jdk-13.0.2\bin\zip.dll
0x00007fff95130000 - 0x00007fff9513a000 	C:\Program Files\Java\jdk-13.0.2\bin\jimage.dll

dbghelp: loaded successfully - version: 4.0.5 - missing functions: none
symbol engine: initialized successfully - sym options: 0x614 - pdb path: .;C:\Program Files\Java\jdk-13.0.2\bin;C:\Windows\SYSTEM32;C:\Windows\WinSxS\amd64_microsoft.windows.common-controls_6595b64144ccf1df_6.0.15063.0_none_108e4f62dfe5d999;C:\Program Files\Java\jdk-13.0.2\bin\server

VM Arguments:
jvm_args: -agentlib:jdwp=transport=dt_socket,suspend=y,address=localhost:58400 -Dcom.sun.management.jmxremote -Dcom.sun.management.jmxremote.port=58399 -Dcom.sun.management.jmxremote.authenticate=false -Dcom.sun.management.jmxremote.ssl=false -Djava.rmi.server.hostname=localhost -Dspring.jmx.enabled=true -Dspring.application.admin.enabled=true -Xverify:none -XX:TieredStopAtLevel=1 -Dspring.boot.project.name=boot-kafka -javaagent:E:\softwares\sts-4.6.1.RELEASE\configuration\org.eclipse.osgi\245\0\.cp\lib\javaagent-shaded.jar -Dfile.encoding=UTF-8 
java_command: com.ratna.boot.kafka.BootKafkaApplication --spring.output.ansi.enabled=always
java_class_path (initial): E:\git-repo\spring\boot-kafka\target\classes;C:\Users\Ratna Lilly\.m2\repository\org\springframework\boot\spring-boot-starter-web\2.7.4\spring-boot-starter-web-2.7.4.jar;C:\Users\Ratna Lilly\.m2\repository\org\springframework\boot\spring-boot-starter\2.7.4\spring-boot-starter-2.7.4.jar;C:\Users\Ratna Lilly\.m2\repository\org\springframework\boot\spring-boot\2.7.4\spring-boot-2.7.4.jar;C:\Users\Ratna Lilly\.m2\repository\org\springframework\boot\spring-boot-autoconfigure\2.7.4\spring-boot-autoconfigure-2.7.4.jar;C:\Users\Ratna Lilly\.m2\repository\org\springframework\boot\spring-boot-starter-logging\2.7.4\spring-boot-starter-logging-2.7.4.jar;C:\Users\Ratna Lilly\.m2\repository\ch\qos\logback\logback-classic\1.2.11\logback-classic-1.2.11.jar;C:\Users\Ratna Lilly\.m2\repository\ch\qos\logback\logback-core\1.2.11\logback-core-1.2.11.jar;C:\Users\Ratna Lilly\.m2\repository\org\apache\logging\log4j\log4j-to-slf4j\2.17.2\log4j-to-slf4j-2.17.2.jar;C:\Users\Ratna Lilly\.m2\repository\org\apache\logging\log4j\log4j-api\2.17.2\log4j-api-2.17.2.jar;C:\Users\Ratna Lilly\.m2\repository\org\slf4j\jul-to-slf4j\1.7.36\jul-to-slf4j-1.7.36.jar;C:\Users\Ratna Lilly\.m2\repository\jakarta\annotation\jakarta.annotation-api\1.3.5\jakarta.annotation-api-1.3.5.jar;C:\Users\Ratna Lilly\.m2\repository\org\yaml\snakeyaml\1.30\snakeyaml-1.30.jar;C:\Users\Ratna Lilly\.m2\repository\org\springframework\boot\spring-boot-starter-json\2.7.4\spring-boot-starter-json-2.7.4.jar;C:\Users\Ratna Lilly\.m2\repository\com\fasterxml\jackson\core\jackson-databind\2.13.4\jackson-databind-2.13.4.jar;C:\Users\Ratna Lilly\.m2\repository\com\fasterxml\jackson\core\jackson-annotations\2.13.4\jackson-annotations-2.13.4.jar;C:\Users\Ratna Lilly\.m2\repository\com\fasterxml\jackson\core\jackson-core\2.13.4\jackson-core-2.13.4.jar;C:\Users\Ratna Lilly\.m2\repository\com\fasterxml\jackson\datatype\jackson-datatype-jdk8\2.13.4\jackson-datatype-jdk8-2.13.4.jar;C:\Users\Ratna Lilly\.m2\reposit
Launcher Type: SUN_STANDARD

[Global flags]
     intx CICompilerCount                          = 3                                         {product} {ergonomic}
     uint ConcGCThreads                            = 1                                         {product} {ergonomic}
     uint G1ConcRefinementThreads                  = 4                                         {product} {ergonomic}
   size_t G1HeapRegionSize                         = 1048576                                   {product} {ergonomic}
    uintx GCDrainStackTargetSize                   = 64                                        {product} {ergonomic}
   size_t InitialHeapSize                          = 335544320                                 {product} {ergonomic}
     bool ManagementServer                         = true                                      {product} {command line}
   size_t MarkStackSize                            = 4194304                                   {product} {ergonomic}
   size_t MaxHeapSize                              = 5339348992                                {product} {ergonomic}
   size_t MinHeapDeltaBytes                        = 1048576                                   {product} {ergonomic}
   size_t MinHeapSize                              = 8388608                                   {product} {ergonomic}
    uintx NonNMethodCodeHeapSize                   = 6973028                                {pd product} {ergonomic}
    uintx NonProfiledCodeHeapSize                  = 244685212                              {pd product} {ergonomic}
    uintx ProfiledCodeHeapSize                     = 0                                      {pd product} {ergonomic}
    uintx ReservedCodeCacheSize                    = 251658240                              {pd product} {ergonomic}
     bool SegmentedCodeCache                       = true                                      {product} {ergonomic}
   size_t SoftMaxHeapSize                          = 5339348992                             {manageable} {ergonomic}
     intx TieredStopAtLevel                        = 1                                         {product} {command line}
     bool UseCompressedClassPointers               = true                                 {lp64_product} {ergonomic}
     bool UseCompressedOops                        = true                                 {lp64_product} {ergonomic}
     bool UseG1GC                                  = true                                      {product} {ergonomic}
     bool UseLargePagesIndividualAllocation        = false                                  {pd product} {ergonomic}

Logging:
Log output configuration:
 #0: stdout all=warning uptime,level,tags
 #1: stderr all=off uptime,level,tags

Environment Variables:
PATH=C:/Program Files/Java/jdk-13.0.2/bin/server;C:/Program Files/Java/jdk-13.0.2/bin;C:\Windows\system32;C:\Windows;C:\Windows\System32\Wbem;C:\Windows\System32\WindowsPowerShell\v1.0\;C:\Program Files\Java\jdk-13.0.2\bin;C:\Program Files\Git\cmd;C:\Users\Ratna Lilly\AppData\Local\Microsoft\WindowsApps;C:\Users\Ratna Lilly\AppData\Local\Programs\Microsoft VS Code\bin;E:\softwares\sts-4.6.1.RELEASE;
USERNAME=Ratna Lilly
OS=Windows_NT
PROCESSOR_IDENTIFIER=Intel64 Family 6 Model 142 Stepping 9, GenuineIntel



---------------  S Y S T E M  ---------------

OS: Windows 10 , 64 bit Build 15063 (10.0.15063.296)

CPU:total 4 (initial active 4) (2 cores per cpu, 2 threads per core) family 6 model 142 stepping 9, cmov, cx8, fxsr, mmx, sse, sse2, sse3, ssse3, sse4.1, sse4.2, popcnt, avx, avx2, aes, clmul, erms, 3dnowpref, lzcnt, ht, tsc, tscinvbit, bmi1, bmi2, adx, fma

Memory: 4k page, system-wide physical 20366M (4081M free)
TotalPageFile size 120365M (AvailPageFile size 48M)
current process WorkingSet (physical memory assigned to process): 10M, peak: 10M
current process commit charge ("private bytes"): 50M, peak: 370M

vm_info: Java HotSpot(TM) 64-Bit Server VM (13.0.2+8) for windows-amd64 JRE (13.0.2+8), built on Dec 11 2019 09:20:33 by "mach5one" with unknown MS VC++:1916

END.
